<?xml version="1.0" encoding="utf-8"?><testsuites name="pytest tests"><testsuite name="pytest" errors="0" failures="0" skipped="0" tests="6" time="68.958" timestamp="2026-05-20T15:07:12.753697+00:00" hostname="agent-env-b5fb672f-e037-4791-91f5-fd578dd935af"><testcase classname="backend.tests.test_p1_iteration.TestNoticeExportDocx" name="test_docx_generation_returns_valid_zip" time="0.027" /><testcase classname="backend.tests.test_p1_iteration.TestNoticeExportDocx" name="test_docx_missing_notice_returns_400" time="0.035" /><testcase classname="backend.tests.test_p1_iteration.TestStripeWebhook" name="test_get_healthcheck_returns_7_events" time="0.006" /><testcase classname="backend.tests.test_p1_iteration.TestStripeWebhook" name="test_post_without_signature_returns_400" time="0.007" /><testcase classname="backend.tests.test_p1_iteration.TestCerfaNoticeRegression" name="test_notice_emergent_claude" time="36.858" /><testcase classname="backend.tests.test_p1_iteration.TestCerfaAnalyzePlanRegression" name="test_analyze_plan_emergent" time="31.647" /></testsuite></testsuites>