<?xml version="1.0" encoding="utf-8"?><testsuites name="pytest tests"><testsuite name="pytest" errors="0" failures="0" skipped="0" tests="12" time="90.651" timestamp="2026-05-20T16:20:14.447178+00:00" hostname="agent-env-b5fb672f-e037-4791-91f5-fd578dd935af"><testcase classname="backend.tests.test_phase_a.TestPhotomontage" name="test_photomontage_success" time="17.922" /><testcase classname="backend.tests.test_phase_a.TestPhotomontage" name="test_photomontage_missing_image_returns_400" time="0.006" /><testcase classname="backend.tests.test_phase_a.TestBatimentsVoisins" name="test_lyon_center_returns_voisins" time="7.934" /><testcase classname="backend.tests.test_phase_a.TestSubscriptionEndpoint" name="test_does_not_500" time="0.030" /><testcase classname="backend.tests.test_phase_a.TestStripePortal" name="test_portal_no_customer_returns_404_or_redirect" time="0.017" /><testcase classname="backend.tests.test_phase_a.TestWebhookStripeRegression" name="test_get_healthcheck" time="0.007" /><testcase classname="backend.tests.test_phase_a.TestCerfaRegression" name="test_notice_emergent" time="37.584" /><testcase classname="backend.tests.test_phase_a.TestCerfaRegression" name="test_analyze_plan_emergent" time="26.718" /><testcase classname="backend.tests.test_phase_a.TestPublicPages" name="test_page_200[/]" time="0.015" /><testcase classname="backend.tests.test_phase_a.TestPublicPages" name="test_page_200[/cerfa]" time="0.015" /><testcase classname="backend.tests.test_phase_a.TestPublicPages" name="test_page_200[/cerfa/wizard?cerfa=13406]" time="0.010" /><testcase classname="backend.tests.test_phase_a.TestPublicPages" name="test_page_200[/cerfa/wizard?cerfa=13405]" time="0.007" /></testsuite></testsuites>