<?xml version="1.0" encoding="utf-8"?><testsuites name="pytest tests"><testsuite name="pytest" errors="0" failures="0" skipped="0" tests="6" time="72.302" timestamp="2026-05-20T14:40:52.116005+00:00" hostname="agent-env-b5fb672f-e037-4791-91f5-fd578dd935af"><testcase classname="backend.tests.test_cerfa_api.TestPublicPages" name="test_home_loads" time="0.014" /><testcase classname="backend.tests.test_cerfa_api.TestPublicPages" name="test_cerfa_list_page_loads" time="0.008" /><testcase classname="backend.tests.test_cerfa_api.TestPublicPages" name="test_wizard_page_loads_13406" time="0.005" /><testcase classname="backend.tests.test_cerfa_api.TestCerfaAll" name="test_all_cerfa_returned" time="0.005" /><testcase classname="backend.tests.test_cerfa_api.TestCerfaNotice" name="test_notice_generation_pcmi7" time="36.651" /><testcase classname="backend.tests.test_cerfa_api.TestCerfaAnalyzePlan" name="test_analyze_plan_with_real_png" time="35.542" /></testsuite></testsuites>